time="2026-06-18T17:08:38-04:00" level=warning msg="The \"p\" variable is not set. Defaulting to a blank string."
time="2026-06-18T17:08:38-04:00" level=warning msg="The \"p\" variable is not set. Defaulting to a blank string."
time="2026-06-18T17:08:38-04:00" level=warning msg="The \"p\" variable is not set. Defaulting to a blank string."
time="2026-06-18T17:08:38-04:00" level=warning msg="The \"p\" variable is not set. Defaulting to a blank string."
time="2026-06-18T17:08:38-04:00" level=warning msg="The \"DEBUG_MODE\" variable is not set. Defaulting to a blank string."
time="2026-06-18T17:08:38-04:00" level=warning msg="Found orphan containers ([src-app-run-ae9edf952854 src-app-run-9a5432ea58a6 src-app-run-df9eb79f46f4 src-app-run-aae23a71fdec src-app-run-9055a6feb13e src-app-run-73f7e2e83743 src-app-run-5e7e41a2ba87 src-app-run-604674b660ce src-app-run-88ac38879650 src-app-run-81d83ee9c43a src-app-run-6407c2046a88 src-app-run-c7f7c6ea1db2 src-app-run-59689576bcb5 src-app-run-97f3eeb7602e src-app-run-9ff02edeb265 src-app-run-cebd549f2d51 src-app-run-296319caf4ce src-app-run-0a1c91478459 src-app-run-b362201486ad src-app-run-917659d96ab4 src-app-run-add1f18c7e9e src-app-run-7f28b178b52c src-app-run-4512dd73cfd9 src-app-run-94b9e03250f0 src-app-run-f6bbd8e30265 src-app-run-ccb20114fa79 src-app-run-71e433d00e59 src-app-run-792391da4c30 src-app-run-5756dbdc0c51 src-app-run-349729b6085a src-app-run-314b755095ca src-app-run-9a1d3b738c9d src-app-run-b6db6f1f6536 src-app-run-22b76a0e8d79 src-app-run-571ec7e95377 src-app-run-52724785dbfc src-app-run-c97a7b5b473d src-app-run-07644118f874 src-app-run-84003ef9ffef src-app-run-60c7479868b6 src-app-run-cabb9f358897 src-app-run-e44db9524f34 src-app-run-cc713b653671 src-app-run-43eb25ef8114 src-app-run-908cfa03fcf4 src-app-run-7866c99c0070 src-app-run-2642367b834c src-app-run-dfb027c1ab34 src-app-run-8244de83fc6d src-app-run-6ed6bbe454d5 src-app-run-2717e3e957aa src-app-run-3a9540f62250 src-app-run-5cba76ae3d58 src-app-run-7113bf2e265a src-app-run-7f1ee35bf745 src-app-run-d25a5bbc826f src-app-run-932bd0999e69 src-app-run-34eb78d2b8c3 src-app-run-ee04095de898 src-app-run-839d248fbf5d src-app-run-7dff53a1d38d src-app-run-bd55461da38f src-app-run-dad5b657fba4 src-app-run-9bf8fc311d2c src-app-run-630f69afd341 src-app-run-0700a5629955 src-app-run-998ce638b759 src-app-run-3ead0ed58335 src-app-run-db88df9768c1 src-app-run-6e87a47894d6 src-app-run-7bba0e853814 src-app-run-a42936b6c490 src-app-run-f52aea831523 src-app-run-8d1ca1218e7b src-app-run-eb65c52045cb src-app-run-1b9fdd894ce6 src-app-run-555637846b82 src-app-run-5d06bad800d5 src-app-run-737becd487d1 src-app-run-e1b47e09b8eb src-app-run-3188df95a35f src-app-run-862da91d37b7 src-app-run-fc1963cc63b8 src-app-run-9ad4d4353119 src-app-run-7adf2d2d4518 src-app-run-47c11dd461a5 src-app-run-f400f1b392be src-app-run-4403a5651649 src-app-run-84e9254b2e46 src-app-run-bcf7bca8ab93 src-app-run-2f18d49e0c6b src-app-run-24dc222ab41b src-app-run-142504e5721a src-app-run-cd6641a3efdf src-app-run-f48b89ae8fa0 src-app-run-0f101c522933 src-app-run-1fdc5a3935b4 src-app-run-43ac6367cd62 src-app-run-4cdc51ab119d src-app-run-c140fb955192 src-app-run-4353b293d2b6 src-app-run-684863b0879a src-app-run-34b046ae468a src-app-run-ecf8d9132f99 src-app-run-75f017ab4fe0 src-app-run-c068417315c3 src-app-run-4a94dee51a73 src-app-run-1bb9b9a7fb10 src-app-run-719bd88a2548 src-app-run-13de7948c08d src-app-run-39f893ee37de src-app-run-2a37fcdaefb4 src-app-run-56f228441484 src-app-run-d4bf8ce70192 src-app-run-9d4584b7209d src-app-run-2dcad5fa67d7 src-app-run-824ba0003c83 src-app-run-10b8348ae846 src-app-run-232e81eedeaa src-app-run-9efbf7e6e05f src-app-run-680b8a4eb036 src-app-run-146a0a98451a src-app-run-8ba7a9403e54 src-app-run-d0250a3dbc9a src-app-run-3e2e87833eef src-app-run-483cb4a86763 src-app-run-d5f5bd98c24a src-app-run-c998a499601f src-app-run-cf88abfa2809 src-app-run-0bf7f1c240a4 src-app-run-00ea340a8ae1 src-app-run-377e61bd514c src-app-run-fdeebd9b42a0 src-app-run-3379ff4e9edc src-app-run-73aa761efb0d src-app-run-1d094493caee src-app-run-e93caf609aa3 src-app-run-70403a44a5fd src-app-run-dd870d8146fe src-app-run-4c0a111d344c src-app-run-75eb21a65c80 src-app-run-369cb992493f src-app-run-5c99c65d7674 src-app-run-180c80314803 src-app-run-ae17f91e361e src-app-run-7d92319a91c2 src-app-run-a8720e7fe2f1 src-app-run-79999c0ea781 src-app-run-1eed1fc21ff6 src-app-run-027da16b28ff src-app-run-28ba3cec1632 src-app-run-a32aa768b4b5 src-app-run-98b6b01874c1 src-app-run-fd0109a97608 src-app-run-8c5ba05d37ed src-app-run-86220729a423 src-app-run-4fcab1865ebc src-app-run-ebe6846dca04 src-app-run-19715ceb0360 src-app-run-83bc9a2d74a4 src-app-run-022433cab8d4 src-app-run-d57b8bed9fba src-app-run-c8a1abba7bc7 src-app-run-5cdbd9535723 src-app-run-47c67a940e17 src-app-run-4efbfcb2fec4 src-app-run-e33e5a0512f5 src-app-run-1b247c206ef2 src-app-run-03a2a1fc2978 src-app-run-d28d0e22b0bc src-app-run-d2ca64bbcb01 src-app-run-a1dcf6af2f8e src-app-run-426f9e220e32 src-app-run-9df168082c03 src-app-run-4bdccbbf0a38 src-app-run-edcdef14e41a src-app-run-e538a21624a3 src-app-run-9600f6b3d9f9 src-app-run-f95b41e2aa4c src-app-run-b5c6b55a64cc src-app-run-b75026bd9662 src-app-run-f5f0dae04de6 src-app-run-9cc5f7643dd0 src-app-run-0aa6bfd7fcbf src-app-run-09692b772a4f src-app-run-b82fa3055cd8 src-app-run-1c4b57cfde64 src-app-run-a7af6800e873 src-app-run-90cb7ef260a9 src-app-run-b75d25bb7f06 src-app-run-634cbfa8867a src-app-run-07bad701c0d5 src-app-run-0f7a0a1510e1 src-app-run-6c05f0733525 src-app-run-9577487c175a src-app-run-3995935e7d1b src-app-run-1acf45edf707 src-app-run-7ac6bb038635 src-app-run-86f5ad771f4a src-app-run-008ba12186e6 src-app-run-b3eb54978bad src-app-run-c78b1ef008d5 src-app-run-9c42c99ddb7d src-app-run-23a26ba5f8a9 src-app-run-12e894221399 src-app-run-88900cffc166 src-app-run-49eb01f1e5c7 src-app-run-386fd4eeb186 src-app-run-bf91cd7dee00 src-app-run-b2fe71d8cd87 src-app-run-4d7ef1dff276 src-app-run-da6d430769e8 src-app-run-ab82392a69ae src-app-run-821532b3d0df src-app-run-ba7e22071a63 src-app-run-e7d7c2ae2261 src-app-run-ffe02f941bd3 src-app-run-53a855cfa1ea src-app-run-704b48d7ae2a src-app-run-1e8ee7279b62 src-app-run-28f8ff08dff0 src-app-run-464baf33e62d src-app-run-020796f23f5c src-app-run-0afcb329701a src-app-run-a504ce2af334 src-app-run-043ec6bd039c src-app-run-91d874428600 src-app-run-5a960ddc2bd8 src-app-run-84e9498ae04b src-app-run-aed2ccab6a1e src-app-run-00a0e9e4f102 src-app-run-1460d93f0101 src-app-run-21ce269f3985 src-app-run-d84556c2fd6b src-app-run-52b67ea94d66 src-app-run-a979b756f1fa src-app-run-bcaa7a15325a src-app-run-d1631a1001f3 src-app-run-4ff17981efb3 src-app-run-2a306bc03724 src-app-run-c643fbd814b1 src-app-run-a9e27abc41a3 src-app-run-ea807b7f05fd src-app-run-2b17008c1cb6 src-app-run-6c740c76640f src-app-run-3f8bb86b3d7c src-app-run-1beefe4da58a src-app-run-315468a70ab9 src-app-run-408ece6bbdf1 src-app-run-0534b6f8363e src-app-run-fff0cfe32e3f]) for this project. If you removed or renamed this service in your compose file, you can run this command with the --remove-orphans flag to clean it up."
 Container src-app-run-6a2d526d29ff Creating 
 Container src-app-run-6a2d526d29ff Created 
_initialize_client failed to execute due to an unknown error. Error: [Errno 111] Connection refused
Unable to configure the connection to the registry.
registrar/models/domain.py:1663: note: By default the bodies of untyped functions are not checked, consider using --check-untyped-defs  [annotation-unchecked]
registrar/models/dns/dns_record.py:267: error: Missing return statement  [return]
registrar/models/dns/dns_record.py:316: error: Incompatible return value type (got "QuerySet[Self, Self]", expected "bool")  [return-value]
registrar/management/commands/utility/terminal_helper.py:182: note: By default the bodies of untyped functions are not checked, consider using --check-untyped-defs  [annotation-unchecked]
registrar/management/commands/utility/terminal_helper.py:183: note: By default the bodies of untyped functions are not checked, consider using --check-untyped-defs  [annotation-unchecked]
registrar/management/commands/utility/terminal_helper.py:184: note: By default the bodies of untyped functions are not checked, consider using --check-untyped-defs  [annotation-unchecked]
registrar/management/commands/utility/extra_transition_domain_helper.py:1130: note: By default the bodies of untyped functions are not checked, consider using --check-untyped-defs  [annotation-unchecked]
registrar/tests/common.py:2016: note: By default the bodies of untyped functions are not checked, consider using --check-untyped-defs  [annotation-unchecked]
registrar/management/commands/repopulate_domain_request_senior_official.py:51: note: By default the bodies of untyped functions are not checked, consider using --check-untyped-defs  [annotation-unchecked]
registrar/management/commands/populate_organization_type.py:23: note: By default the bodies of untyped functions are not checked, consider using --check-untyped-defs  [annotation-unchecked]
registrar/management/commands/populate_organization_type.py:24: note: By default the bodies of untyped functions are not checked, consider using --check-untyped-defs  [annotation-unchecked]
registrar/management/commands/populate_organization_type.py:25: note: By default the bodies of untyped functions are not checked, consider using --check-untyped-defs  [annotation-unchecked]
registrar/management/commands/populate_organization_type.py:28: note: By default the bodies of untyped functions are not checked, consider using --check-untyped-defs  [annotation-unchecked]
registrar/management/commands/populate_organization_type.py:29: note: By default the bodies of untyped functions are not checked, consider using --check-untyped-defs  [annotation-unchecked]
registrar/management/commands/populate_organization_type.py:30: note: By default the bodies of untyped functions are not checked, consider using --check-untyped-defs  [annotation-unchecked]
registrar/management/commands/populate_first_ready.py:16: note: By default the bodies of untyped functions are not checked, consider using --check-untyped-defs  [annotation-unchecked]
registrar/management/commands/populate_first_ready.py:17: note: By default the bodies of untyped functions are not checked, consider using --check-untyped-defs  [annotation-unchecked]
registrar/management/commands/populate_first_ready.py:18: note: By default the bodies of untyped functions are not checked, consider using --check-untyped-defs  [annotation-unchecked]
registrar/management/commands/populate_agency_seals.py:20: note: By default the bodies of untyped functions are not checked, consider using --check-untyped-defs  [annotation-unchecked]
registrar/management/commands/populate_agency_seals.py:21: note: By default the bodies of untyped functions are not checked, consider using --check-untyped-defs  [annotation-unchecked]
registrar/management/commands/patch_federal_agency_info.py:24: note: By default the bodies of untyped functions are not checked, consider using --check-untyped-defs  [annotation-unchecked]
registrar/management/commands/patch_federal_agency_info.py:25: note: By default the bodies of untyped functions are not checked, consider using --check-untyped-defs  [annotation-unchecked]
registrar/management/commands/patch_federal_agency_info.py:26: note: By default the bodies of untyped functions are not checked, consider using --check-untyped-defs  [annotation-unchecked]
registrar/management/commands/disclose_security_emails.py:23: note: By default the bodies of untyped functions are not checked, consider using --check-untyped-defs  [annotation-unchecked]
registrar/management/commands/cat_files_into_getgov.py:29: note: By default the bodies of untyped functions are not checked, consider using --check-untyped-defs  [annotation-unchecked]
registrar/management/commands/load_organization_data.py:30: note: By default the bodies of untyped functions are not checked, consider using --check-untyped-defs  [annotation-unchecked]
registrar/management/commands/load_organization_data.py:33: note: By default the bodies of untyped functions are not checked, consider using --check-untyped-defs  [annotation-unchecked]
registrar/management/commands/load_organization_data.py:34: note: By default the bodies of untyped functions are not checked, consider using --check-untyped-defs  [annotation-unchecked]
registrar/management/commands/load_organization_data.py:220: note: By default the bodies of untyped functions are not checked, consider using --check-untyped-defs  [annotation-unchecked]
registrar/management/commands/load_organization_data.py:221: note: By default the bodies of untyped functions are not checked, consider using --check-untyped-defs  [annotation-unchecked]
registrar/admin.py:4430: note: By default the bodies of untyped functions are not checked, consider using --check-untyped-defs  [annotation-unchecked]
registrar/admin.py:6125: note: By default the bodies of untyped functions are not checked, consider using --check-untyped-defs  [annotation-unchecked]
registrar/views/domain.py:1332: note: By default the bodies of untyped functions are not checked, consider using --check-untyped-defs  [annotation-unchecked]
registrar/views/domain.py:1447: note: By default the bodies of untyped functions are not checked, consider using --check-untyped-defs  [annotation-unchecked]
registrar/tests/test_admin_request.py:2576: note: By default the bodies of untyped functions are not checked, consider using --check-untyped-defs  [annotation-unchecked]
registrar/tests/test_admin_request.py:2620: note: By default the bodies of untyped functions are not checked, consider using --check-untyped-defs  [annotation-unchecked]
registrar/tests/test_admin_request.py:2626: note: By default the bodies of untyped functions are not checked, consider using --check-untyped-defs  [annotation-unchecked]
registrar/tests/test_admin_request.py:2663: note: By default the bodies of untyped functions are not checked, consider using --check-untyped-defs  [annotation-unchecked]
registrar/tests/test_admin_request.py:2668: note: By default the bodies of untyped functions are not checked, consider using --check-untyped-defs  [annotation-unchecked]
registrar/tests/test_admin_request.py:2674: note: By default the bodies of untyped functions are not checked, consider using --check-untyped-defs  [annotation-unchecked]
registrar/tests/test_admin.py:3535: note: By default the bodies of untyped functions are not checked, consider using --check-untyped-defs  [annotation-unchecked]
registrar/tests/test_admin.py:3592: note: By default the bodies of untyped functions are not checked, consider using --check-untyped-defs  [annotation-unchecked]
registrar/tests/test_admin.py:3729: note: By default the bodies of untyped functions are not checked, consider using --check-untyped-defs  [annotation-unchecked]
registrar/views/domain_request.py:1187: note: By default the bodies of untyped functions are not checked, consider using --check-untyped-defs  [annotation-unchecked]

